<?xml version="1.0" encoding="utf-8"?><testsuites name="pytest tests"><testsuite name="pytest" errors="0" failures="0" skipped="0" tests="15" time="22.504" timestamp="2026-04-25T08:21:10.307140+00:00" hostname="agent-env-2a1b19e7-85e6-48b5-b67e-fe92b6f1a0a0"><testcase classname="backend.tests.test_stelle_api.TestAuth" name="test_register_duplicate_rejected" time="2.172" /><testcase classname="backend.tests.test_stelle_api.TestAuth" name="test_login_valid" time="0.990" /><testcase classname="backend.tests.test_stelle_api.TestAuth" name="test_login_invalid" time="0.980" /><testcase classname="backend.tests.test_stelle_api.TestAuth" name="test_me_with_bearer" time="0.873" /><testcase classname="backend.tests.test_stelle_api.TestAuth" name="test_me_unauth" time="0.752" /><testcase classname="backend.tests.test_stelle_api.TestAuth" name="test_logout" time="2.300" /><testcase classname="backend.tests.test_stelle_api.TestProfile" name="test_update_profile_persists" time="1.392" /><testcase classname="backend.tests.test_stelle_api.TestBacheca" name="test_list_users_excludes_self" time="2.366" /><testcase classname="backend.tests.test_stelle_api.TestBacheca" name="test_filter_by_city" time="0.685" /><testcase classname="backend.tests.test_stelle_api.TestBacheca" name="test_filter_by_age_and_gender" time="0.688" /><testcase classname="backend.tests.test_stelle_api.TestBacheca" name="test_get_user_by_id" time="0.692" /><testcase classname="backend.tests.test_stelle_api.TestLikesMatches" name="test_like_and_match_flow" time="2.744" /><testcase classname="backend.tests.test_stelle_api.TestLikesMatches" name="test_self_like_rejected" time="0.687" /><testcase classname="backend.tests.test_stelle_api.TestChat" name="test_send_and_fetch_messages" time="2.736" /><testcase classname="backend.tests.test_stelle_api.TestChat" name="test_chat_forbidden_for_non_member" time="2.364" /></testsuite></testsuites>